<?xml version="1.0" encoding="UTF-8"?>
<!-- Generated by org.testng.reporters.JUnitReportReporter -->
<testsuite hostname="Viraj" failures="0" tests="4" name="testNG_Test.VarifyRegisterPage" time="69.048" errors="0" timestamp="2023-10-07T09:11:48 IST" skipped="0">
  <testcase classname="testNG_Test.VarifyRegisterPage" name="test2" time="18.342"/>
  <testcase classname="testNG_Test.VarifyRegisterPage" name="test1" time="16.179"/>
  <testcase classname="testNG_Test.VarifyRegisterPage" name="test2" time="17.852"/>
  <testcase classname="testNG_Test.VarifyRegisterPage" name="test1" time="16.675"/>
</testsuite> <!-- testNG_Test.VarifyRegisterPage -->
